<html>
<body>
<pre>
<h1>Vision Build Log</h1>
<h2>Project:</h2>
D:\Penn\06work\00Ecard\11hardware\pos机开发\amass_pos\App\keil\HD6P_Drive_App.uvproj
Project File Date:  06/23/2014

<h2>Output:</h2>
Build target 'Target 1'
compiling main.c...
..\src\flash_store.h(24): error:  #20: identifier "sp_transno_unit" is undefined
..\src\flash_store.h:   uint8 sp_read_transno_unit(bool flag, sp_transno_unit* punit);
..\src\flash_store.h:                                         ^
..\src\flash_store.h(47): error:  #20: identifier "sp_st_transdtl" is undefined
..\src\flash_store.h:   uint8 sp_read_transdtl(sp_st_transdtl* ptransdtl);
..\src\flash_store.h:                          ^
..\src\flash_store.h(68): error:  #20: identifier "sp_context" is undefined
..\src\flash_store.h:   uint8 sp_read_sysinfo(sp_context* p_ctx);
..\src\flash_store.h:                         ^
..\src\flash_store.h: ..\src\main.c: 0 warnings, 3 errors
compiling flash_store.c...
..\src\flash_store.c(125): warning:  #223-D: function "sp_get_transno_unit" declared implicitly
..\src\flash_store.c:           ret = sp_get_transno_unit(true, &master_unit);
..\src\flash_store.c:                 ^
..\src\flash_store.c(157): error:  #147-D: declaration is incompatible with "uint8 sp_write_sysinfo(char *, char *)" (declared at line 57 of "..\src\flash_store.h")
..\src\flash_store.c:   uint8 sp_write_sysinfo(sp_context* p_ctx)
..\src\flash_store.c:         ^
..\src\flash_store.c: ..\src\flash_store.c: 1 warning, 1 error
compiling menu.c...
..\src\flash_store.h(24): error:  #20: identifier "sp_transno_unit" is undefined
..\src\flash_store.h:   uint8 sp_read_transno_unit(bool flag, sp_transno_unit* punit);
..\src\flash_store.h:                                         ^
..\src\flash_store.h(47): error:  #20: identifier "sp_st_transdtl" is undefined
..\src\flash_store.h:   uint8 sp_read_transdtl(sp_st_transdtl* ptransdtl);
..\src\flash_store.h:                          ^
..\src\flash_store.h(68): error:  #20: identifier "sp_context" is undefined
..\src\flash_store.h:   uint8 sp_read_sysinfo(sp_context* p_ctx);
..\src\flash_store.h:                         ^
..\src\flash_store.h: ..\src\menu.c: 0 warnings, 3 errors
compiling sp_info.c...
..\src\flash_store.h(24): error:  #20: identifier "sp_transno_unit" is undefined
..\src\flash_store.h:   uint8 sp_read_transno_unit(bool flag, sp_transno_unit* punit);
..\src\flash_store.h:                                         ^
..\src\flash_store.h(47): error:  #20: identifier "sp_st_transdtl" is undefined
..\src\flash_store.h:   uint8 sp_read_transdtl(sp_st_transdtl* ptransdtl);
..\src\flash_store.h:                          ^
..\src\flash_store.h(68): error:  #20: identifier "sp_context" is undefined
..\src\flash_store.h:   uint8 sp_read_sysinfo(sp_context* p_ctx);
..\src\flash_store.h:                         ^
..\src\sp_info.c(27): warning:  #69-D: integer conversion resulted in truncation
..\src\sp_info.c:       SF_Read(ADDR_SYSINFO, 0, (uint8*)(&p_ctx->sp_sysinfo), FLASH_PAGE_SIZE);
..\src\sp_info.c:               ^
..\src\sp_info.c(28): error:  #268: declaration may not appear after executable statement in block
..\src\sp_info.c:       uint8 crc[2];
..\src\sp_info.c:       ^
..\src\sp_info.c(29): warning:  #223-D: function "pb_protocol_crc" declared implicitly
..\src\sp_info.c:       pb_protocol_crc((uint8*)(&p_ctx->sp_sysinfo), sizeof(sys_init_para), crc);
..\src\sp_info.c:       ^
..\src\sp_info.c(41): error:  #136: struct "<unnamed>" has no field "sp_info"
..\src\sp_info.c:               sprintf(p_ctx->sp_info.restarttime, "20130202");
..\src\sp_info.c:                              ^
..\src\sp_info.c(44): warning:  #167-D: argument of type "uint8 *" is incompatible with parameter of type "char *restrict"
..\src\sp_info.c:               sprintf(p_ctx->sp_sysinfo.timegap, "123");
..\src\sp_info.c:                       ^
..\src\sp_info.c(47): warning:  #69-D: integer conversion resulted in truncation
..\src\sp_info.c:               SF_Write(ADDR_SYSINFO, 0, (uint8*)(&p_ctx->sp_sysinfo), 0);
..\src\sp_info.c:                        ^
..\src\sp_info.c(47): error:  #165: too few arguments in function call
..\src\sp_info.c:               SF_Write(ADDR_SYSINFO, 0, (uint8*)(&p_ctx->sp_sysinfo), 0);
..\src\sp_info.c:                                                                        ^
..\src\sp_info.c: ..\src\sp_info.c: 4 warnings, 6 errors
Target not created
Build target 'Target 1'
compiling main.c...
..\src\flash_store.h(6): error:  #20: identifier "sp_transno_unit" is undefined
..\src\flash_store.h:   uint8 sp_write_transno_unit(bool flag, sp_transno_unit* punit);
..\src\flash_store.h:                                          ^
..\src\flash_store.h(19): error:  #20: identifier "sp_transno_unit" is undefined
..\src\flash_store.h:   uint8 sp_read_transno_unit(bool flag, sp_transno_unit* punit);
..\src\flash_store.h:                                         ^
..\src\flash_store.h(42): error:  #20: identifier "sp_st_transdtl" is undefined
..\src\flash_store.h:   uint8 sp_read_transdtl(sp_st_transdtl* ptransdtl);
..\src\flash_store.h:                          ^
..\src\flash_store.h(63): error:  #20: identifier "sp_context" is undefined
..\src\flash_store.h:   uint8 sp_read_sysinfo(sp_context* p_ctx);
..\src\flash_store.h:                         ^
..\src\flash_store.h: ..\src\main.c: 0 warnings, 4 errors
compiling flash_store.c...
..\src\M25PE16.h(112): error:  #20: identifier "uint8" is undefined
..\src\M25PE16.h:       extern uint8 SF_Read(uint16 page_addr, uint16 in_page_byte_addr, uint8 *array, uint16 counter);  
..\src\M25PE16.h:              ^
..\src\M25PE16.h(112): error:  #20: identifier "uint16" is undefined
..\src\M25PE16.h:       extern uint8 SF_Read(uint16 page_addr, uint16 in_page_byte_addr, uint8 *array, uint16 counter);  
..\src\M25PE16.h:                            ^
..\src\M25PE16.h(112): error:  #20: identifier "uint16" is undefined
..\src\M25PE16.h:       extern uint8 SF_Read(uint16 page_addr, uint16 in_page_byte_addr, uint8 *array, uint16 counter);  
..\src\M25PE16.h:                                              ^
..\src\M25PE16.h(112): error:  #20: identifier "uint8" is undefined
..\src\M25PE16.h:       extern uint8 SF_Read(uint16 page_addr, uint16 in_page_byte_addr, uint8 *array, uint16 counter);  
..\src\M25PE16.h:                                                                        ^
..\src\M25PE16.h(112): error:  #20: identifier "uint16" is undefined
..\src\M25PE16.h:       extern uint8 SF_Read(uint16 page_addr, uint16 in_page_byte_addr, uint8 *array, uint16 counter);  
..\src\M25PE16.h:                                                                                      ^
..\src\M25PE16.h(113): error:  #20: identifier "uint8" is undefined
..\src\M25PE16.h:       extern uint8 SF_Write(uint16 page_addr, uint16 in_page_begin_addr, uint8  *array, uint16 counter,uint8 uIsErase);
..\src\M25PE16.h:              ^
..\src\M25PE16.h(113): error:  #20: identifier "uint16" is undefined
..\src\M25PE16.h:       extern uint8 SF_Write(uint16 page_addr, uint16 in_page_begin_addr, uint8  *array, uint16 counter,uint8 uIsErase);
..\src\M25PE16.h:                             ^
..\src\M25PE16.h(113): error:  #20: identifier "uint16" is undefined
..\src\M25PE16.h:       extern uint8 SF_Write(uint16 page_addr, uint16 in_page_begin_addr, uint8  *array, uint16 counter,uint8 uIsErase);
..\src\M25PE16.h:                                               ^
..\src\M25PE16.h(113): error:  #20: identifier "uint8" is undefined
..\src\M25PE16.h:       extern uint8 SF_Write(uint16 page_addr, uint16 in_page_begin_addr, uint8  *array, uint16 counter,uint8 uIsErase);
..\src\M25PE16.h:                                                                          ^
..\src\M25PE16.h(113): error:  #20: identifier "uint16" is undefined
..\src\M25PE16.h:       extern uint8 SF_Write(uint16 page_addr, uint16 in_page_begin_addr, uint8  *array, uint16 counter,uint8 uIsErase);
..\src\M25PE16.h:                                                                                         ^
..\src\M25PE16.h(113): error:  #20: identifier "uint8" is undefined
..\src\M25PE16.h:       extern uint8 SF_Write(uint16 page_addr, uint16 in_page_begin_addr, uint8  *array, uint16 counter,uint8 uIsErase);
..\src\M25PE16.h:                                                                                                        ^
..\src\M25PE16.h(114): error:  #20: identifier "uint8" is undefined
..\src\M25PE16.h:       extern uint8  SF_ErasePage(uint16 page_addr);
..\src\M25PE16.h:              ^
..\src\M25PE16.h(114): error:  #20: identifier "uint16" is undefined
..\src\M25PE16.h:       extern uint8  SF_ErasePage(uint16 page_addr);
..\src\M25PE16.h:                                  ^
..\src\M25PE16.h(115): error:  #20: identifier "bool" is undefined
..\src\M25PE16.h:       extern bool SF_ReadContinuous(uint32 lAddr,uint8 *array, uint16 counter);// 以线性地址读数据(可跨页)
..\src\M25PE16.h:              ^
..\src\M25PE16.h(115): error:  #20: identifier "uint32" is undefined
..\src\M25PE16.h:       extern bool SF_ReadContinuous(uint32 lAddr,uint8 *array, uint16 counter);// 以线性地址读数据(可跨页)
..\src\M25PE16.h:                                     ^
..\src\M25PE16.h(115): error:  #20: identifier "uint8" is undefined
..\src\M25PE16.h:       extern bool SF_ReadContinuous(uint32 lAddr,uint8 *array, uint16 counter);// 以线性地址读数据(可跨页)
..\src\M25PE16.h:                                                  ^
..\src\M25PE16.h(115): error:  #20: identifier "uint16" is undefined
..\src\M25PE16.h:       extern bool SF_ReadContinuous(uint32 lAddr,uint8 *array, uint16 counter);// 以线性地址读数据(可跨页)
..\src\M25PE16.h:                                                                ^
..\src\M25PE16.h(117): error:  #20: identifier "uint8" is undefined
..\src\M25PE16.h:       uint8 IsFlashBusy(void)  ;
..\src\M25PE16.h:       ^
..\src\flash_store.c(79): warning:  #69-D: integer conversion resulted in truncation
..\src\flash_store.c:                   startaddr = ADDR_MASTER_TRANS_SEQNO;
..\src\flash_store.c:                               ^
..\src\flash_store.c(83): warning:  #69-D: integer conversion resulted in truncation
..\src\flash_store.c:                   startaddr = ADDR_SLAVE_TRANS_SEQNO;
..\src\flash_store.c:                               ^
..\src\flash_store.c(180): error:  #147-D: declaration is incompatible with "uint8 sp_write_sysinfo(char *, char *)" (declared at line 52 of "..\src\flash_store.h")
..\src\flash_store.c:   uint8 sp_write_sysinfo(sp_context* p_ctx)
..\src\flash_store.c:         ^
..\src\flash_store.c: ..\src\flash_store.c: 2 warnings, 19 errors
compiling menu.c...
..\src\flash_store.h(6): error:  #20: identifier "sp_transno_unit" is undefined
..\src\flash_store.h:   uint8 sp_write_transno_unit(bool flag, sp_transno_unit* punit);
..\src\flash_store.h:                                          ^
..\src\flash_store.h(19): error:  #20: identifier "sp_transno_unit" is undefined
..\src\flash_store.h:   uint8 sp_read_transno_unit(bool flag, sp_transno_unit* punit);
..\src\flash_store.h:                                         ^
..\src\flash_store.h(42): error:  #20: identifier "sp_st_transdtl" is undefined
..\src\flash_store.h:   uint8 sp_read_transdtl(sp_st_transdtl* ptransdtl);
..\src\flash_store.h:                          ^
..\src\flash_store.h(63): error:  #20: identifier "sp_context" is undefined
..\src\flash_store.h:   uint8 sp_read_sysinfo(sp_context* p_ctx);
..\src\flash_store.h:                         ^
..\src\flash_store.h: ..\src\menu.c: 0 warnings, 4 errors
compiling sp_info.c...
..\src\flash_store.h(6): error:  #20: identifier "sp_transno_unit" is undefined
..\src\flash_store.h:   uint8 sp_write_transno_unit(bool flag, sp_transno_unit* punit);
..\src\flash_store.h:                                          ^
..\src\flash_store.h(19): error:  #20: identifier "sp_transno_unit" is undefined
..\src\flash_store.h:   uint8 sp_read_transno_unit(bool flag, sp_transno_unit* punit);
..\src\flash_store.h:                                         ^
..\src\flash_store.h(42): error:  #20: identifier "sp_st_transdtl" is undefined
..\src\flash_store.h:   uint8 sp_read_transdtl(sp_st_transdtl* ptransdtl);
..\src\flash_store.h:                          ^
..\src\flash_store.h(63): error:  #20: identifier "sp_context" is undefined
..\src\flash_store.h:   uint8 sp_read_sysinfo(sp_context* p_ctx);
..\src\flash_store.h:                         ^
..\src\sp_info.c(27): warning:  #69-D: integer conversion resulted in truncation
..\src\sp_info.c:       SF_Read(ADDR_SYSINFO, 0, (uint8*)(&p_ctx->sp_sysinfo), FLASH_PAGE_SIZE);
..\src\sp_info.c:               ^
..\src\sp_info.c(28): error:  #268: declaration may not appear after executable statement in block
..\src\sp_info.c:       uint8 crc[2];
..\src\sp_info.c:       ^
..\src\sp_info.c(29): warning:  #223-D: function "pb_protocol_crc" declared implicitly
..\src\sp_info.c:       pb_protocol_crc((uint8*)(&p_ctx->sp_sysinfo), sizeof(sys_init_para), crc);
..\src\sp_info.c:       ^
..\src\sp_info.c(41): error:  #136: struct "<unnamed>" has no field "sp_info"
..\src\sp_info.c:               sprintf(p_ctx->sp_info.restarttime, "20130202");
..\src\sp_info.c:                              ^
..\src\sp_info.c(44): warning:  #167-D: argument of type "uint8 *" is incompatible with parameter of type "char *restrict"
..\src\sp_info.c:               sprintf(p_ctx->sp_sysinfo.timegap, "123");
..\src\sp_info.c:                       ^
..\src\sp_info.c(47): warning:  #69-D: integer conversion resulted in truncation
..\src\sp_info.c:               SF_Write(ADDR_SYSINFO, 0, (uint8*)(&p_ctx->sp_sysinfo), 0);
..\src\sp_info.c:                        ^
..\src\sp_info.c(47): error:  #165: too few arguments in function call
..\src\sp_info.c:               SF_Write(ADDR_SYSINFO, 0, (uint8*)(&p_ctx->sp_sysinfo), 0);
..\src\sp_info.c:                                                                        ^
..\src\sp_info.c(62): warning:  #223-D: function "pb_protocol_crc" declared implicitly
..\src\sp_info.c:               pb_protocol_crc(&tmp_unt, unit_len-2, crc);
..\src\sp_info.c:               ^
..\src\sp_info.c: ..\src\sp_info.c: 5 warnings, 7 errors
Target not created
Build target 'Target 1'
compiling main.c...
..\src\flash_store.h(30): error:  #20: identifier "sp_st_transdtl" is undefined
..\src\flash_store.h:   uint8 sp_read_transdtl(sp_st_transdtl* ptransdtl);
..\src\flash_store.h:                          ^
..\src\flash_store.h(51): error:  #20: identifier "sp_context" is undefined
..\src\flash_store.h:   uint8 sp_read_sysinfo(sp_context* p_ctx);
..\src\flash_store.h:                         ^
..\src\flash_store.h: ..\src\main.c: 0 warnings, 2 errors
compiling flash_store.c...
..\src\M25PE16.h(112): error:  #20: identifier "uint8" is undefined
..\src\M25PE16.h:       extern uint8 SF_Read(uint16 page_addr, uint16 in_page_byte_addr, uint8 *array, uint16 counter);  
..\src\M25PE16.h:              ^
..\src\M25PE16.h(112): error:  #20: identifier "uint16" is undefined
..\src\M25PE16.h:       extern uint8 SF_Read(uint16 page_addr, uint16 in_page_byte_addr, uint8 *array, uint16 counter);  
..\src\M25PE16.h:                            ^
..\src\M25PE16.h(112): error:  #20: identifier "uint16" is undefined
..\src\M25PE16.h:       extern uint8 SF_Read(uint16 page_addr, uint16 in_page_byte_addr, uint8 *array, uint16 counter);  
..\src\M25PE16.h:                                              ^
..\src\M25PE16.h(112): error:  #20: identifier "uint8" is undefined
..\src\M25PE16.h:       extern uint8 SF_Read(uint16 page_addr, uint16 in_page_byte_addr, uint8 *array, uint16 counter);  
..\src\M25PE16.h:                                                                        ^
..\src\M25PE16.h(112): error:  #20: identifier "uint16" is undefined
..\src\M25PE16.h:       extern uint8 SF_Read(uint16 page_addr, uint16 in_page_byte_addr, uint8 *array, uint16 counter);  
..\src\M25PE16.h:                                                                                      ^
..\src\M25PE16.h(113): error:  #20: identifier "uint8" is undefined
..\src\M25PE16.h:       extern uint8 SF_Write(uint16 page_addr, uint16 in_page_begin_addr, uint8  *array, uint16 counter,uint8 uIsErase);
..\src\M25PE16.h:              ^
..\src\M25PE16.h(113): error:  #20: identifier "uint16" is undefined
..\src\M25PE16.h:       extern uint8 SF_Write(uint16 page_addr, uint16 in_page_begin_addr, uint8  *array, uint16 counter,uint8 uIsErase);
..\src\M25PE16.h:                             ^
..\src\M25PE16.h(113): error:  #20: identifier "uint16" is undefined
..\src\M25PE16.h:       extern uint8 SF_Write(uint16 page_addr, uint16 in_page_begin_addr, uint8  *array, uint16 counter,uint8 uIsErase);
..\src\M25PE16.h:                                               ^
..\src\M25PE16.h(113): error:  #20: identifier "uint8" is undefined
..\src\M25PE16.h:       extern uint8 SF_Write(uint16 page_addr, uint16 in_page_begin_addr, uint8  *array, uint16 counter,uint8 uIsErase);
..\src\M25PE16.h:                                                                          ^
..\src\M25PE16.h(113): error:  #20: identifier "uint16" is undefined
..\src\M25PE16.h:       extern uint8 SF_Write(uint16 page_addr, uint16 in_page_begin_addr, uint8  *array, uint16 counter,uint8 uIsErase);
..\src\M25PE16.h:                                                                                         ^
..\src\M25PE16.h(113): error:  #20: identifier "uint8" is undefined
..\src\M25PE16.h:       extern uint8 SF_Write(uint16 page_addr, uint16 in_page_begin_addr, uint8  *array, uint16 counter,uint8 uIsErase);
..\src\M25PE16.h:                                                                                                        ^
..\src\M25PE16.h(114): error:  #20: identifier "uint8" is undefined
..\src\M25PE16.h:       extern uint8  SF_ErasePage(uint16 page_addr);
..\src\M25PE16.h:              ^
..\src\M25PE16.h(114): error:  #20: identifier "uint16" is undefined
..\src\M25PE16.h:       extern uint8  SF_ErasePage(uint16 page_addr);
..\src\M25PE16.h:                                  ^
..\src\M25PE16.h(115): error:  #20: identifier "bool" is undefined
..\src\M25PE16.h:       extern bool SF_ReadContinuous(uint32 lAddr,uint8 *array, uint16 counter);// 以线性地址读数据(可跨页)
..\src\M25PE16.h:              ^
..\src\M25PE16.h(115): error:  #20: identifier "uint32" is undefined
..\src\M25PE16.h:       extern bool SF_ReadContinuous(uint32 lAddr,uint8 *array, uint16 counter);// 以线性地址读数据(可跨页)
..\src\M25PE16.h:                                     ^
..\src\M25PE16.h(115): error:  #20: identifier "uint8" is undefined
..\src\M25PE16.h:       extern bool SF_ReadContinuous(uint32 lAddr,uint8 *array, uint16 counter);// 以线性地址读数据(可跨页)
..\src\M25PE16.h:                                                  ^
..\src\M25PE16.h(115): error:  #20: identifier "uint16" is undefined
..\src\M25PE16.h:       extern bool SF_ReadContinuous(uint32 lAddr,uint8 *array, uint16 counter);// 以线性地址读数据(可跨页)
..\src\M25PE16.h:                                                                ^
..\src\M25PE16.h(117): error:  #20: identifier "uint8" is undefined
..\src\M25PE16.h:       uint8 IsFlashBusy(void)  ;
..\src\M25PE16.h:       ^
..\src\flash_store.c(79): warning:  #69-D: integer conversion resulted in truncation
..\src\flash_store.c:                   startaddr = ADDR_MASTER_TRANS_SEQNO;
..\src\flash_store.c:                               ^
..\src\flash_store.c(83): warning:  #69-D: integer conversion resulted in truncation
..\src\flash_store.c:                   startaddr = ADDR_SLAVE_TRANS_SEQNO;
..\src\flash_store.c:                               ^
..\src\flash_store.c(155): error:  #167: argument of type "sp_transno_unit *" is incompatible with parameter of type "char *"
..\src\flash_store.c:           ret = sp_read_transno_unit(true, &master_unit);
..\src\flash_store.c:                                            ^
..\src\flash_store.c(158): error:  #167: argument of type "sp_transno_unit *" is incompatible with parameter of type "char *"
..\src\flash_store.c:           ret = sp_read_transno_unit(true, &slave_unit);
..\src\flash_store.c:                                            ^
..\src\flash_store.c(187): error:  #147-D: declaration is incompatible with "uint8 sp_write_sysinfo(char *, char *)" (declared at line 40 of "..\src\flash_store.h")
..\src\flash_store.c:   uint8 sp_write_sysinfo(sp_context* p_ctx)
..\src\flash_store.c:         ^
..\src\flash_store.c: ..\src\flash_store.c: 2 warnings, 21 errors
compiling menu.c...
..\src\flash_store.h(30): error:  #20: identifier "sp_st_transdtl" is undefined
..\src\flash_store.h:   uint8 sp_read_transdtl(sp_st_transdtl* ptransdtl);
..\src\flash_store.h:                          ^
..\src\flash_store.h(51): error:  #20: identifier "sp_context" is undefined
..\src\flash_store.h:   uint8 sp_read_sysinfo(sp_context* p_ctx);
..\src\flash_store.h:                         ^
..\src\flash_store.h: ..\src\menu.c: 0 warnings, 2 errors
compiling sp_info.c...
..\src\flash_store.h(30): error:  #20: identifier "sp_st_transdtl" is undefined
..\src\flash_store.h:   uint8 sp_read_transdtl(sp_st_transdtl* ptransdtl);
..\src\flash_store.h:                          ^
..\src\flash_store.h(51): error:  #20: identifier "sp_context" is undefined
..\src\flash_store.h:   uint8 sp_read_sysinfo(sp_context* p_ctx);
..\src\flash_store.h:                         ^
..\src\sp_info.c(27): warning:  #69-D: integer conversion resulted in truncation
..\src\sp_info.c:       SF_Read(ADDR_SYSINFO, 0, (uint8*)(&p_ctx->sp_sysinfo), FLASH_PAGE_SIZE);
..\src\sp_info.c:               ^
..\src\sp_info.c(28): error:  #268: declaration may not appear after executable statement in block
..\src\sp_info.c:       uint8 crc[2];
..\src\sp_info.c:       ^
..\src\sp_info.c(29): warning:  #223-D: function "pb_protocol_crc" declared implicitly
..\src\sp_info.c:       pb_protocol_crc((uint8*)(&p_ctx->sp_sysinfo), sizeof(sys_init_para), crc);
..\src\sp_info.c:       ^
..\src\sp_info.c(41): error:  #136: struct "<unnamed>" has no field "sp_info"
..\src\sp_info.c:               sprintf(p_ctx->sp_info.restarttime, "20130202");
..\src\sp_info.c:                              ^
..\src\sp_info.c(44): warning:  #167-D: argument of type "uint8 *" is incompatible with parameter of type "char *restrict"
..\src\sp_info.c:               sprintf(p_ctx->sp_sysinfo.timegap, "123");
..\src\sp_info.c:                       ^
..\src\sp_info.c(47): warning:  #69-D: integer conversion resulted in truncation
..\src\sp_info.c:               SF_Write(ADDR_SYSINFO, 0, (uint8*)(&p_ctx->sp_sysinfo), 0);
..\src\sp_info.c:                        ^
..\src\sp_info.c(47): error:  #165: too few arguments in function call
..\src\sp_info.c:               SF_Write(ADDR_SYSINFO, 0, (uint8*)(&p_ctx->sp_sysinfo), 0);
..\src\sp_info.c:                                                                        ^
..\src\sp_info.c(62): warning:  #223-D: function "pb_protocol_crc" declared implicitly
..\src\sp_info.c:               pb_protocol_crc(&tmp_unt, unit_len-2, crc);
..\src\sp_info.c:               ^
..\src\sp_info.c: ..\src\sp_info.c: 5 warnings, 5 errors
Target not created
Build target 'Target 1'
compiling main.c...
compiling flash_store.c...
..\src\flash_store.c(78): warning:  #69-D: integer conversion resulted in truncation
..\src\flash_store.c:                   startaddr = ADDR_MASTER_TRANS_SEQNO;
..\src\flash_store.c:                               ^
..\src\flash_store.c(82): warning:  #69-D: integer conversion resulted in truncation
..\src\flash_store.c:                   startaddr = ADDR_SLAVE_TRANS_SEQNO;
..\src\flash_store.c:                               ^
..\src\flash_store.c(93): warning:  #167-D: argument of type "char *" is incompatible with parameter of type "uint8 *"
..\src\flash_store.c:           ret = SF_Write(pageno, lastaddr, punit, sizeof(sp_transno_unit), 0);//直接写
..\src\flash_store.c:                                            ^
..\src\flash_store.c(96): warning:  #167-D: argument of type "char *" is incompatible with parameter of type "uint8 *"
..\src\flash_store.c:                   ret = SF_Write(pageno, lastaddr, punit, sizeof(sp_transno_unit), 1);//擦出后再写        
..\src\flash_store.c:                                                    ^
..\src\flash_store.c(154): error:  #167: argument of type "sp_transno_unit *" is incompatible with parameter of type "char *"
..\src\flash_store.c:           ret = sp_read_transno_unit(true, &master_unit);
..\src\flash_store.c:                                            ^
..\src\flash_store.c(157): error:  #167: argument of type "sp_transno_unit *" is incompatible with parameter of type "char *"
..\src\flash_store.c:           ret = sp_read_transno_unit(true, &slave_unit);
..\src\flash_store.c:                                            ^
..\src\flash_store.c(186): error:  #147-D: declaration is incompatible with "uint8 sp_write_sysinfo(char *, char *)" (declared at line 40 of "..\src\flash_store.h")
..\src\flash_store.c:   uint8 sp_write_sysinfo(sp_context* p_ctx)
..\src\flash_store.c:         ^
..\src\flash_store.c: ..\src\flash_store.c: 4 warnings, 3 errors
compiling menu.c...
compiling sp_info.c...
..\src\sp_info.c(27): warning:  #69-D: integer conversion resulted in truncation
..\src\sp_info.c:       SF_Read(ADDR_SYSINFO, 0, (uint8*)(&p_ctx->sp_sysinfo), FLASH_PAGE_SIZE);
..\src\sp_info.c:               ^
..\src\sp_info.c(28): error:  #268: declaration may not appear after executable statement in block
..\src\sp_info.c:       uint8 crc[2];
..\src\sp_info.c:       ^
..\src\sp_info.c(29): warning:  #223-D: function "pb_protocol_crc" declared implicitly
..\src\sp_info.c:       pb_protocol_crc((uint8*)(&p_ctx->sp_sysinfo), sizeof(sys_init_para), crc);
..\src\sp_info.c:       ^
..\src\sp_info.c(41): error:  #136: struct "<unnamed>" has no field "sp_info"
..\src\sp_info.c:               sprintf(p_ctx->sp_info.restarttime, "20130202");
..\src\sp_info.c:                              ^
..\src\sp_info.c(44): warning:  #167-D: argument of type "uint8 *" is incompatible with parameter of type "char *restrict"
..\src\sp_info.c:               sprintf(p_ctx->sp_sysinfo.timegap, "123");
..\src\sp_info.c:                       ^
..\src\sp_info.c(47): warning:  #69-D: integer conversion resulted in truncation
..\src\sp_info.c:               SF_Write(ADDR_SYSINFO, 0, (uint8*)(&p_ctx->sp_sysinfo), 0);
..\src\sp_info.c:                        ^
..\src\sp_info.c(47): error:  #165: too few arguments in function call
..\src\sp_info.c:               SF_Write(ADDR_SYSINFO, 0, (uint8*)(&p_ctx->sp_sysinfo), 0);
..\src\sp_info.c:                                                                        ^
..\src\sp_info.c(62): warning:  #223-D: function "pb_protocol_crc" declared implicitly
..\src\sp_info.c:               pb_protocol_crc(&tmp_unt, unit_len-2, crc);
..\src\sp_info.c:               ^
..\src\sp_info.c: ..\src\sp_info.c: 5 warnings, 3 errors
Target not created
Build target 'Target 1'
compiling main.c...
compiling flash_store.c...
..\src\flash_store.c(78): warning:  #69-D: integer conversion resulted in truncation
..\src\flash_store.c:                   startaddr = ADDR_MASTER_TRANS_SEQNO;
..\src\flash_store.c:                               ^
..\src\flash_store.c(82): warning:  #69-D: integer conversion resulted in truncation
..\src\flash_store.c:                   startaddr = ADDR_SLAVE_TRANS_SEQNO;
..\src\flash_store.c:                               ^
..\src\flash_store.c(154): error:  #167: argument of type "sp_transno_unit *" is incompatible with parameter of type "uint8 *"
..\src\flash_store.c:           ret = sp_read_transno_unit(true, &master_unit);
..\src\flash_store.c:                                            ^
..\src\flash_store.c(157): error:  #167: argument of type "sp_transno_unit *" is incompatible with parameter of type "uint8 *"
..\src\flash_store.c:           ret = sp_read_transno_unit(true, &slave_unit);
..\src\flash_store.c:                                            ^
..\src\flash_store.c(186): error:  #147-D: declaration is incompatible with "uint8 sp_write_sysinfo(char *, char *)" (declared at line 40 of "..\src\flash_store.h")
..\src\flash_store.c:   uint8 sp_write_sysinfo(sp_context* p_ctx)
..\src\flash_store.c:         ^
..\src\flash_store.c: ..\src\flash_store.c: 2 warnings, 3 errors
compiling menu.c...
compiling sp_info.c...
..\src\sp_info.c(27): warning:  #69-D: integer conversion resulted in truncation
..\src\sp_info.c:       SF_Read(ADDR_SYSINFO, 0, (uint8*)(&p_ctx->sp_sysinfo), FLASH_PAGE_SIZE);
..\src\sp_info.c:               ^
..\src\sp_info.c(28): error:  #268: declaration may not appear after executable statement in block
..\src\sp_info.c:       uint8 crc[2];
..\src\sp_info.c:       ^
..\src\sp_info.c(29): warning:  #223-D: function "pb_protocol_crc" declared implicitly
..\src\sp_info.c:       pb_protocol_crc((uint8*)(&p_ctx->sp_sysinfo), sizeof(sys_init_para), crc);
..\src\sp_info.c:       ^
..\src\sp_info.c(41): error:  #136: struct "<unnamed>" has no field "sp_info"
..\src\sp_info.c:               sprintf(p_ctx->sp_info.restarttime, "20130202");
..\src\sp_info.c:                              ^
..\src\sp_info.c(44): warning:  #167-D: argument of type "uint8 *" is incompatible with parameter of type "char *restrict"
..\src\sp_info.c:               sprintf(p_ctx->sp_sysinfo.timegap, "123");
..\src\sp_info.c:                       ^
..\src\sp_info.c(47): warning:  #69-D: integer conversion resulted in truncation
..\src\sp_info.c:               SF_Write(ADDR_SYSINFO, 0, (uint8*)(&p_ctx->sp_sysinfo), 0);
..\src\sp_info.c:                        ^
..\src\sp_info.c(47): error:  #165: too few arguments in function call
..\src\sp_info.c:               SF_Write(ADDR_SYSINFO, 0, (uint8*)(&p_ctx->sp_sysinfo), 0);
..\src\sp_info.c:                                                                        ^
..\src\sp_info.c(62): warning:  #223-D: function "pb_protocol_crc" declared implicitly
..\src\sp_info.c:               pb_protocol_crc(&tmp_unt, unit_len-2, crc);
..\src\sp_info.c:               ^
..\src\sp_info.c: ..\src\sp_info.c: 5 warnings, 3 errors
Target not created
Build target 'Target 1'
compiling main.c...
compiling flash_store.c...
..\src\flash_store.c(78): warning:  #69-D: integer conversion resulted in truncation
..\src\flash_store.c:                   startaddr = ADDR_MASTER_TRANS_SEQNO;
..\src\flash_store.c:                               ^
..\src\flash_store.c(82): warning:  #69-D: integer conversion resulted in truncation
..\src\flash_store.c:                   startaddr = ADDR_SLAVE_TRANS_SEQNO;
..\src\flash_store.c:                               ^
..\src\flash_store.c(154): error:  #167: argument of type "sp_transno_unit *" is incompatible with parameter of type "uint8 *"
..\src\flash_store.c:           ret = sp_read_transno_unit(true, &master_unit);
..\src\flash_store.c:                                            ^
..\src\flash_store.c(157): error:  #167: argument of type "sp_transno_unit *" is incompatible with parameter of type "uint8 *"
..\src\flash_store.c:           ret = sp_read_transno_unit(true, &slave_unit);
..\src\flash_store.c:                                            ^
..\src\flash_store.c(186): error:  #147-D: declaration is incompatible with "uint8 sp_write_sysinfo(char *, char *)" (declared at line 40 of "..\src\flash_store.h")
..\src\flash_store.c:   uint8 sp_write_sysinfo(sp_context* p_ctx)
..\src\flash_store.c:         ^
..\src\flash_store.c: ..\src\flash_store.c: 2 warnings, 3 errors
compiling menu.c...
compiling sp_info.c...
..\src\sp_info.c(28): warning:  #69-D: integer conversion resulted in truncation
..\src\sp_info.c:       SF_Read(ADDR_SYSINFO, 0, (uint8*)(&p_ctx->sp_sysinfo), FLASH_PAGE_SIZE);
..\src\sp_info.c:               ^
..\src\sp_info.c(29): warning:  #223-D: function "pb_protocol_crc" declared implicitly
..\src\sp_info.c:       pb_protocol_crc((uint8*)(&p_ctx->sp_sysinfo), sizeof(sys_init_para), crc);
..\src\sp_info.c:       ^
..\src\sp_info.c(41): warning:  #167-D: argument of type "uint8 *" is incompatible with parameter of type "char *restrict"
..\src\sp_info.c:               sprintf(p_ctx->sp_sysinfo.restarttime, "20130202");
..\src\sp_info.c:                       ^
..\src\sp_info.c(44): warning:  #167-D: argument of type "uint8 *" is incompatible with parameter of type "char *restrict"
..\src\sp_info.c:               sprintf(p_ctx->sp_sysinfo.timegap, "123");
..\src\sp_info.c:                       ^
..\src\sp_info.c(47): warning:  #69-D: integer conversion resulted in truncation
..\src\sp_info.c:               SF_Write(ADDR_SYSINFO, 0, (uint8*)(&p_ctx->sp_sysinfo), 0);
..\src\sp_info.c:                        ^
..\src\sp_info.c(47): error:  #165: too few arguments in function call
..\src\sp_info.c:               SF_Write(ADDR_SYSINFO, 0, (uint8*)(&p_ctx->sp_sysinfo), 0);
..\src\sp_info.c:                                                                        ^
..\src\sp_info.c(62): warning:  #223-D: function "pb_protocol_crc" declared implicitly
..\src\sp_info.c:               pb_protocol_crc(&tmp_unt, unit_len-2, crc);
..\src\sp_info.c:               ^
..\src\sp_info.c: ..\src\sp_info.c: 6 warnings, 1 error
Target not created
Build target 'Target 1'
compiling main.c...
compiling flash_store.c...
..\src\flash_store.c(78): warning:  #69-D: integer conversion resulted in truncation
..\src\flash_store.c:                   startaddr = ADDR_MASTER_TRANS_SEQNO;
..\src\flash_store.c:                               ^
..\src\flash_store.c(82): warning:  #69-D: integer conversion resulted in truncation
..\src\flash_store.c:                   startaddr = ADDR_SLAVE_TRANS_SEQNO;
..\src\flash_store.c:                               ^
..\src\flash_store.c(154): error:  #167: argument of type "sp_transno_unit *" is incompatible with parameter of type "uint8 *"
..\src\flash_store.c:           ret = sp_read_transno_unit(true, &master_unit);
..\src\flash_store.c:                                            ^
..\src\flash_store.c(157): error:  #167: argument of type "sp_transno_unit *" is incompatible with parameter of type "uint8 *"
..\src\flash_store.c:           ret = sp_read_transno_unit(true, &slave_unit);
..\src\flash_store.c:                                            ^
..\src\flash_store.c(186): error:  #147-D: declaration is incompatible with "uint8 sp_write_sysinfo(char *, char *)" (declared at line 40 of "..\src\flash_store.h")
..\src\flash_store.c:   uint8 sp_write_sysinfo(sp_context* p_ctx)
..\src\flash_store.c:         ^
..\src\flash_store.c: ..\src\flash_store.c: 2 warnings, 3 errors
compiling menu.c...
compiling sp_info.c...
..\src\sp_info.c(28): warning:  #69-D: integer conversion resulted in truncation
..\src\sp_info.c:       SF_Read(ADDR_SYSINFO, 0, (uint8*)(&p_ctx->sp_sysinfo), FLASH_PAGE_SIZE);
..\src\sp_info.c:               ^
..\src\sp_info.c(29): warning:  #223-D: function "pb_protocol_crc" declared implicitly
..\src\sp_info.c:       pb_protocol_crc((uint8*)(&p_ctx->sp_sysinfo), sizeof(sys_init_para), crc);
..\src\sp_info.c:       ^
..\src\sp_info.c(41): warning:  #167-D: argument of type "uint8 *" is incompatible with parameter of type "char *restrict"
..\src\sp_info.c:               sprintf(p_ctx->sp_sysinfo.restarttime, "20130202");
..\src\sp_info.c:                       ^
..\src\sp_info.c(44): warning:  #167-D: argument of type "uint8 *" is incompatible with parameter of type "char *restrict"
..\src\sp_info.c:               sprintf(p_ctx->sp_sysinfo.timegap, "123");
..\src\sp_info.c:                       ^
..\src\sp_info.c(47): warning:  #69-D: integer conversion resulted in truncation
..\src\sp_info.c:               SF_Write(ADDR_SYSINFO, 0, (uint8*)(&p_ctx->sp_sysinfo), sizeof(sys_init_para),0);
..\src\sp_info.c:                        ^
..\src\sp_info.c(62): warning:  #223-D: function "pb_protocol_crc" declared implicitly
..\src\sp_info.c:               pb_protocol_crc(&tmp_unt, unit_len-2, crc);
..\src\sp_info.c:               ^
..\src\sp_info.c: ..\src\sp_info.c: 6 warnings, 0 errors
Target not created
Build target 'Target 1'
compiling main.c...
compiling flash_store.c...
..\src\flash_store.c(78): warning:  #69-D: integer conversion resulted in truncation
..\src\flash_store.c:                   startaddr = ADDR_MASTER_TRANS_SEQNO;
..\src\flash_store.c:                               ^
..\src\flash_store.c(82): warning:  #69-D: integer conversion resulted in truncation
..\src\flash_store.c:                   startaddr = ADDR_SLAVE_TRANS_SEQNO;
..\src\flash_store.c:                               ^
..\src\flash_store.c(186): error:  #147-D: declaration is incompatible with "uint8 sp_write_sysinfo(char *, char *)" (declared at line 40 of "..\src\flash_store.h")
..\src\flash_store.c:   uint8 sp_write_sysinfo(sp_context* p_ctx)
..\src\flash_store.c:         ^
..\src\flash_store.c: ..\src\flash_store.c: 2 warnings, 1 error
compiling menu.c...
compiling sp_info.c...
..\src\sp_info.c(28): warning:  #69-D: integer conversion resulted in truncation
..\src\sp_info.c:       SF_Read(ADDR_SYSINFO, 0, (uint8*)(&p_ctx->sp_sysinfo), FLASH_PAGE_SIZE);
..\src\sp_info.c:               ^
..\src\sp_info.c(29): warning:  #223-D: function "pb_protocol_crc" declared implicitly
..\src\sp_info.c:       pb_protocol_crc((uint8*)(&p_ctx->sp_sysinfo), sizeof(sys_init_para), crc);
..\src\sp_info.c:       ^
..\src\sp_info.c(41): warning:  #167-D: argument of type "uint8 *" is incompatible with parameter of type "char *restrict"
..\src\sp_info.c:               sprintf(p_ctx->sp_sysinfo.restarttime, "20130202");
..\src\sp_info.c:                       ^
..\src\sp_info.c(44): warning:  #167-D: argument of type "uint8 *" is incompatible with parameter of type "char *restrict"
..\src\sp_info.c:               sprintf(p_ctx->sp_sysinfo.timegap, "123");
..\src\sp_info.c:                       ^
..\src\sp_info.c(47): warning:  #69-D: integer conversion resulted in truncation
..\src\sp_info.c:               SF_Write(ADDR_SYSINFO, 0, (uint8*)(&p_ctx->sp_sysinfo), sizeof(sys_init_para),0);
..\src\sp_info.c:                        ^
..\src\sp_info.c(62): warning:  #223-D: function "pb_protocol_crc" declared implicitly
..\src\sp_info.c:               pb_protocol_crc(&tmp_unt, unit_len-2, crc);
..\src\sp_info.c:               ^
..\src\sp_info.c: ..\src\sp_info.c: 6 warnings, 0 errors
Target not created
Build target 'Target 1'
compiling main.c...
compiling flash_store.c...
..\src\flash_store.c(78): warning:  #69-D: integer conversion resulted in truncation
..\src\flash_store.c:                   startaddr = ADDR_MASTER_TRANS_SEQNO;
..\src\flash_store.c:                               ^
..\src\flash_store.c(82): warning:  #69-D: integer conversion resulted in truncation
..\src\flash_store.c:                   startaddr = ADDR_SLAVE_TRANS_SEQNO;
..\src\flash_store.c:                               ^
..\src\flash_store.c: ..\src\flash_store.c: 2 warnings, 0 errors
compiling menu.c...
compiling sp_info.c...
..\src\sp_info.c(28): warning:  #69-D: integer conversion resulted in truncation
..\src\sp_info.c:       SF_Read(ADDR_SYSINFO, 0, (uint8*)(&p_ctx->sp_sysinfo), FLASH_PAGE_SIZE);
..\src\sp_info.c:               ^
..\src\sp_info.c(29): warning:  #223-D: function "pb_protocol_crc" declared implicitly
..\src\sp_info.c:       pb_protocol_crc((uint8*)(&p_ctx->sp_sysinfo), sizeof(sys_init_para), crc);
..\src\sp_info.c:       ^
..\src\sp_info.c(41): warning:  #167-D: argument of type "uint8 *" is incompatible with parameter of type "char *restrict"
..\src\sp_info.c:               sprintf(p_ctx->sp_sysinfo.restarttime, "20130202");
..\src\sp_info.c:                       ^
..\src\sp_info.c(44): warning:  #167-D: argument of type "uint8 *" is incompatible with parameter of type "char *restrict"
..\src\sp_info.c:               sprintf(p_ctx->sp_sysinfo.timegap, "123");
..\src\sp_info.c:                       ^
..\src\sp_info.c(47): warning:  #69-D: integer conversion resulted in truncation
..\src\sp_info.c:               SF_Write(ADDR_SYSINFO, 0, (uint8*)(&p_ctx->sp_sysinfo), sizeof(sys_init_para),0);
..\src\sp_info.c:                        ^
..\src\sp_info.c(62): warning:  #223-D: function "pb_protocol_crc" declared implicitly
..\src\sp_info.c:               pb_protocol_crc(&tmp_unt, unit_len-2, crc);
..\src\sp_info.c:               ^
..\src\sp_info.c: ..\src\sp_info.c: 6 warnings, 0 errors
linking...
Program Size: Code=35804 RO-data=92 RW-data=648 ZI-data=6148  
FromELF: creating hex file...
"..\obj\test.axf" - 0 Error(s), 8 Warning(s).
Build target 'Target 1'
compiling main.c...
compiling flash_store.c...
..\src\flash_store.c(78): warning:  #69-D: integer conversion resulted in truncation
..\src\flash_store.c:                   startaddr = ADDR_MASTER_TRANS_SEQNO;
..\src\flash_store.c:                               ^
..\src\flash_store.c(82): warning:  #69-D: integer conversion resulted in truncation
..\src\flash_store.c:                   startaddr = ADDR_SLAVE_TRANS_SEQNO;
..\src\flash_store.c:                               ^
..\src\flash_store.c: ..\src\flash_store.c: 2 warnings, 0 errors
compiling menu.c...
compiling sp_info.c...
..\src\sp_info.c(28): warning:  #69-D: integer conversion resulted in truncation
..\src\sp_info.c:       SF_Read(ADDR_SYSINFO, 0, (uint8*)(&p_ctx->sp_sysinfo), FLASH_PAGE_SIZE);
..\src\sp_info.c:               ^
..\src\sp_info.c(29): warning:  #223-D: function "pb_protocol_crc" declared implicitly
..\src\sp_info.c:       pb_protocol_crc((uint8*)(&p_ctx->sp_sysinfo), sizeof(sys_init_para), crc);
..\src\sp_info.c:       ^
..\src\sp_info.c(41): warning:  #167-D: argument of type "uint8 *" is incompatible with parameter of type "char *restrict"
..\src\sp_info.c:               sprintf(p_ctx->sp_sysinfo.restarttime, "20130202");
..\src\sp_info.c:                       ^
..\src\sp_info.c(44): warning:  #167-D: argument of type "uint8 *" is incompatible with parameter of type "char *restrict"
..\src\sp_info.c:               sprintf(p_ctx->sp_sysinfo.timegap, "123");
..\src\sp_info.c:                       ^
..\src\sp_info.c(47): warning:  #69-D: integer conversion resulted in truncation
..\src\sp_info.c:               SF_Write(ADDR_SYSINFO, 0, (uint8*)(&p_ctx->sp_sysinfo), sizeof(sys_init_para),0);
..\src\sp_info.c:                        ^
..\src\sp_info.c(62): warning:  #223-D: function "pb_protocol_crc" declared implicitly
..\src\sp_info.c:               pb_protocol_crc(&tmp_unt, unit_len-2, crc);
..\src\sp_info.c:               ^
..\src\sp_info.c: ..\src\sp_info.c: 6 warnings, 0 errors
linking...
Program Size: Code=35804 RO-data=92 RW-data=648 ZI-data=6148  
FromELF: creating hex file...
"..\obj\test.axf" - 0 Error(s), 8 Warning(s).
Build target 'Target 1'
compiling main.c...
compiling flash_store.c...
..\src\flash_store.c(78): warning:  #69-D: integer conversion resulted in truncation
..\src\flash_store.c:                   startaddr = ADDR_MASTER_TRANS_SEQNO;
..\src\flash_store.c:                               ^
..\src\flash_store.c(82): warning:  #69-D: integer conversion resulted in truncation
..\src\flash_store.c:                   startaddr = ADDR_SLAVE_TRANS_SEQNO;
..\src\flash_store.c:                               ^
..\src\flash_store.c: ..\src\flash_store.c: 2 warnings, 0 errors
compiling menu.c...
compiling sp_info.c...
..\src\sp_info.c(28): warning:  #69-D: integer conversion resulted in truncation
..\src\sp_info.c:       SF_Read(ADDR_SYSINFO, 0, (uint8*)(&p_ctx->sp_sysinfo), FLASH_PAGE_SIZE);
..\src\sp_info.c:               ^
..\src\sp_info.c(29): warning:  #223-D: function "pb_protocol_crc" declared implicitly
..\src\sp_info.c:       pb_protocol_crc((uint8*)(&p_ctx->sp_sysinfo), sizeof(sys_init_para), crc);
..\src\sp_info.c:       ^
..\src\sp_info.c(41): warning:  #167-D: argument of type "uint8 *" is incompatible with parameter of type "char *restrict"
..\src\sp_info.c:               sprintf(p_ctx->sp_sysinfo.restarttime, "20130202");
..\src\sp_info.c:                       ^
..\src\sp_info.c(44): warning:  #167-D: argument of type "uint8 *" is incompatible with parameter of type "char *restrict"
..\src\sp_info.c:               sprintf(p_ctx->sp_sysinfo.timegap, "123");
..\src\sp_info.c:                       ^
..\src\sp_info.c(47): warning:  #69-D: integer conversion resulted in truncation
..\src\sp_info.c:               SF_Write(ADDR_SYSINFO, 0, (uint8*)(&p_ctx->sp_sysinfo), sizeof(sys_init_para),0);
..\src\sp_info.c:                        ^
..\src\sp_info.c(62): warning:  #223-D: function "pb_protocol_crc" declared implicitly
..\src\sp_info.c:               pb_protocol_crc(&tmp_unt, unit_len-2, crc);
..\src\sp_info.c:               ^
..\src\sp_info.c: ..\src\sp_info.c: 6 warnings, 0 errors
linking...
Program Size: Code=35804 RO-data=92 RW-data=648 ZI-data=6148  
FromELF: creating hex file...
"..\obj\test.axf" - 0 Error(s), 8 Warning(s).
Build target 'Target 1'
compiling main.c...
compiling flash_store.c...
..\src\flash_store.c(28): warning:  #69-D: integer conversion resulted in truncation
..\src\flash_store.c:                   startaddr = ADDR_MASTER_TRANS_SEQNO;
..\src\flash_store.c:                               ^
..\src\flash_store.c(32): warning:  #69-D: integer conversion resulted in truncation
..\src\flash_store.c:                   startaddr = ADDR_SLAVE_TRANS_SEQNO;
..\src\flash_store.c:                               ^
..\src\flash_store.c: ..\src\flash_store.c: 2 warnings, 0 errors
compiling menu.c...
compiling sp_info.c...
..\src\sp_info.c(84): warning:  #69-D: integer conversion resulted in truncation
..\src\sp_info.c:       SF_Read(ADDR_SYSINFO, 0, (uint8*)(&p_ctx->sp_sysinfo), FLASH_PAGE_SIZE);
..\src\sp_info.c:               ^
..\src\sp_info.c(97): warning:  #167-D: argument of type "uint8 *" is incompatible with parameter of type "char *restrict"
..\src\sp_info.c:               sprintf(p_ctx->sp_sysinfo.restarttime, "20130202");
..\src\sp_info.c:                       ^
..\src\sp_info.c(100): warning:  #167-D: argument of type "uint8 *" is incompatible with parameter of type "char *restrict"
..\src\sp_info.c:               sprintf(p_ctx->sp_sysinfo.timegap, "123");
..\src\sp_info.c:                       ^
..\src\sp_info.c(103): warning:  #69-D: integer conversion resulted in truncation
..\src\sp_info.c:               SF_Write(ADDR_SYSINFO, 0, (uint8*)(&p_ctx->sp_sysinfo), sizeof(sys_init_para),0);
..\src\sp_info.c:                        ^
..\src\sp_info.c(118): error:  #167: argument of type "sp_transno_unit *" is incompatible with parameter of type "const uint8 *"
..\src\sp_info.c:               pb_protocol_crc(&tmp_unt, unit_len-2, crc);
..\src\sp_info.c:                               ^
..\src\sp_info.c: ..\src\sp_info.c: 4 warnings, 1 error
Target not created
Build target 'Target 1'
compiling main.c...
compiling flash_store.c...
..\src\flash_store.c(28): warning:  #69-D: integer conversion resulted in truncation
..\src\flash_store.c:                   startaddr = ADDR_MASTER_TRANS_SEQNO;
..\src\flash_store.c:                               ^
..\src\flash_store.c(32): warning:  #69-D: integer conversion resulted in truncation
..\src\flash_store.c:                   startaddr = ADDR_SLAVE_TRANS_SEQNO;
..\src\flash_store.c:                               ^
..\src\flash_store.c: ..\src\flash_store.c: 2 warnings, 0 errors
compiling menu.c...
compiling sp_info.c...
..\src\sp_info.c(84): warning:  #69-D: integer conversion resulted in truncation
..\src\sp_info.c:       SF_Read(ADDR_SYSINFO, 0, (uint8*)(&p_ctx->sp_sysinfo), FLASH_PAGE_SIZE);
..\src\sp_info.c:               ^
..\src\sp_info.c(97): warning:  #167-D: argument of type "uint8 *" is incompatible with parameter of type "char *restrict"
..\src\sp_info.c:               sprintf(p_ctx->sp_sysinfo.restarttime, "20130202");
..\src\sp_info.c:                       ^
..\src\sp_info.c(100): warning:  #167-D: argument of type "uint8 *" is incompatible with parameter of type "char *restrict"
..\src\sp_info.c:               sprintf(p_ctx->sp_sysinfo.timegap, "123");
..\src\sp_info.c:                       ^
..\src\sp_info.c(103): warning:  #69-D: integer conversion resulted in truncation
..\src\sp_info.c:               SF_Write(ADDR_SYSINFO, 0, (uint8*)(&p_ctx->sp_sysinfo), sizeof(sys_init_para),0);
..\src\sp_info.c:                        ^
..\src\sp_info.c: ..\src\sp_info.c: 4 warnings, 0 errors
linking...
Program Size: Code=35156 RO-data=92 RW-data=648 ZI-data=6148  
FromELF: creating hex file...
"..\obj\test.axf" - 0 Error(s), 6 Warning(s).
Build target 'Target 1'
compiling main.c...
compiling flash_store.c...
..\src\flash_store.c(28): warning:  #69-D: integer conversion resulted in truncation
..\src\flash_store.c:                   startaddr = ADDR_MASTER_TRANS_SEQNO;
..\src\flash_store.c:                               ^
..\src\flash_store.c(32): warning:  #69-D: integer conversion resulted in truncation
..\src\flash_store.c:                   startaddr = ADDR_SLAVE_TRANS_SEQNO;
..\src\flash_store.c:                               ^
..\src\flash_store.c: ..\src\flash_store.c: 2 warnings, 0 errors
compiling menu.c...
compiling sp_info.c...
..\src\sp_info.c(84): warning:  #69-D: integer conversion resulted in truncation
..\src\sp_info.c:       SF_Read(ADDR_SYSINFO, 0, (uint8*)(&p_ctx->sp_sysinfo), FLASH_PAGE_SIZE);
..\src\sp_info.c:               ^
..\src\sp_info.c(97): warning:  #167-D: argument of type "uint8 *" is incompatible with parameter of type "char *restrict"
..\src\sp_info.c:               sprintf(p_ctx->sp_sysinfo.restarttime, "20130202");
..\src\sp_info.c:                       ^
..\src\sp_info.c(100): warning:  #167-D: argument of type "uint8 *" is incompatible with parameter of type "char *restrict"
..\src\sp_info.c:               sprintf(p_ctx->sp_sysinfo.timegap, "123");
..\src\sp_info.c:                       ^
..\src\sp_info.c(103): warning:  #69-D: integer conversion resulted in truncation
..\src\sp_info.c:               SF_Write(ADDR_SYSINFO, 0, (uint8*)(&p_ctx->sp_sysinfo), sizeof(sys_init_para),0);
..\src\sp_info.c:                        ^
..\src\sp_info.c: ..\src\sp_info.c: 4 warnings, 0 errors
linking...
Program Size: Code=35156 RO-data=92 RW-data=648 ZI-data=6148  
FromELF: creating hex file...
"..\obj\test.axf" - 0 Error(s), 6 Warning(s).
Build target 'Target 1'
compiling main.c...
compiling flash_store.c...
..\src\flash_store.c(55): warning:  #69-D: integer conversion resulted in truncation
..\src\flash_store.c:                   startaddr = ADDR_MASTER_TRANS_SEQNO;
..\src\flash_store.c:                               ^
..\src\flash_store.c(59): warning:  #69-D: integer conversion resulted in truncation
..\src\flash_store.c:                   startaddr = ADDR_SLAVE_TRANS_SEQNO;
..\src\flash_store.c:                               ^
..\src\flash_store.c(179): error:  #167: argument of type "sp_st_transdtl" is incompatible with parameter of type "void *restrict"
..\src\flash_store.c:           memcpy(tmp_trandtl, ptransdtl, sizeof(sp_st_transdtl));
..\src\flash_store.c:                  ^
..\src\flash_store.c(184): error:  #165: too few arguments in function call
..\src\flash_store.c:           memset(&master_unit), 0, sizeof(master_unit));
..\src\flash_store.c:                              ^
..\src\flash_store.c(184): error:  #65: expected a ";"
..\src\flash_store.c:           memset(&master_unit), 0, sizeof(master_unit));
..\src\flash_store.c:                                                       ^
..\src\flash_store.c: ..\src\flash_store.c: 2 warnings, 3 errors
compiling menu.c...
compiling sp_info.c...
..\src\sp_info.c(84): warning:  #69-D: integer conversion resulted in truncation
..\src\sp_info.c:       SF_Read(ADDR_SYSINFO, 0, (uint8*)(&p_ctx->sp_sysinfo), FLASH_PAGE_SIZE);
..\src\sp_info.c:               ^
..\src\sp_info.c(97): warning:  #167-D: argument of type "uint8 *" is incompatible with parameter of type "char *restrict"
..\src\sp_info.c:               sprintf(p_ctx->sp_sysinfo.restarttime, "20130202");
..\src\sp_info.c:                       ^
..\src\sp_info.c(100): warning:  #167-D: argument of type "uint8 *" is incompatible with parameter of type "char *restrict"
..\src\sp_info.c:               sprintf(p_ctx->sp_sysinfo.timegap, "123");
..\src\sp_info.c:                       ^
..\src\sp_info.c(103): warning:  #69-D: integer conversion resulted in truncation
..\src\sp_info.c:               SF_Write(ADDR_SYSINFO, 0, (uint8*)(&p_ctx->sp_sysinfo), sizeof(sys_init_para),0);
..\src\sp_info.c:                        ^
..\src\sp_info.c: ..\src\sp_info.c: 4 warnings, 0 errors
Target not created
Build target 'Target 1'
compiling main.c...
compiling flash_store.c...
..\src\flash_store.c(55): warning:  #69-D: integer conversion resulted in truncation
..\src\flash_store.c:                   startaddr = ADDR_MASTER_TRANS_SEQNO;
..\src\flash_store.c:                               ^
..\src\flash_store.c(59): warning:  #69-D: integer conversion resulted in truncation
..\src\flash_store.c:                   startaddr = ADDR_SLAVE_TRANS_SEQNO;
..\src\flash_store.c:                               ^
..\src\flash_store.c(179): error:  #167: argument of type "sp_st_transdtl" is incompatible with parameter of type "void *restrict"
..\src\flash_store.c:           memcpy(tmp_trandtl, ptransdtl, sizeof(sp_st_transdtl));
..\src\flash_store.c:                  ^
..\src\flash_store.c: ..\src\flash_store.c: 2 warnings, 1 error
compiling menu.c...
compiling sp_info.c...
..\src\sp_info.c(84): warning:  #69-D: integer conversion resulted in truncation
..\src\sp_info.c:       SF_Read(ADDR_SYSINFO, 0, (uint8*)(&p_ctx->sp_sysinfo), FLASH_PAGE_SIZE);
..\src\sp_info.c:               ^
..\src\sp_info.c(97): warning:  #167-D: argument of type "uint8 *" is incompatible with parameter of type "char *restrict"
..\src\sp_info.c:               sprintf(p_ctx->sp_sysinfo.restarttime, "20130202");
..\src\sp_info.c:                       ^
..\src\sp_info.c(100): warning:  #167-D: argument of type "uint8 *" is incompatible with parameter of type "char *restrict"
..\src\sp_info.c:               sprintf(p_ctx->sp_sysinfo.timegap, "123");
..\src\sp_info.c:                       ^
..\src\sp_info.c(103): warning:  #69-D: integer conversion resulted in truncation
..\src\sp_info.c:               SF_Write(ADDR_SYSINFO, 0, (uint8*)(&p_ctx->sp_sysinfo), sizeof(sys_init_para),0);
..\src\sp_info.c:                        ^
..\src\sp_info.c: ..\src\sp_info.c: 4 warnings, 0 errors
Target not created
Build target 'Target 1'
compiling main.c...
compiling flash_store.c...
..\src\flash_store.c(55): warning:  #69-D: integer conversion resulted in truncation
..\src\flash_store.c:                   startaddr = ADDR_MASTER_TRANS_SEQNO;
..\src\flash_store.c:                               ^
..\src\flash_store.c(59): warning:  #69-D: integer conversion resulted in truncation
..\src\flash_store.c:                   startaddr = ADDR_SLAVE_TRANS_SEQNO;
..\src\flash_store.c:                               ^
..\src\flash_store.c: ..\src\flash_store.c: 2 warnings, 0 errors
compiling menu.c...
compiling sp_info.c...
..\src\sp_info.c(84): warning:  #69-D: integer conversion resulted in truncation
..\src\sp_info.c:       SF_Read(ADDR_SYSINFO, 0, (uint8*)(&p_ctx->sp_sysinfo), FLASH_PAGE_SIZE);
..\src\sp_info.c:               ^
..\src\sp_info.c(97): warning:  #167-D: argument of type "uint8 *" is incompatible with parameter of type "char *restrict"
..\src\sp_info.c:               sprintf(p_ctx->sp_sysinfo.restarttime, "20130202");
..\src\sp_info.c:                       ^
..\src\sp_info.c(100): warning:  #167-D: argument of type "uint8 *" is incompatible with parameter of type "char *restrict"
..\src\sp_info.c:               sprintf(p_ctx->sp_sysinfo.timegap, "123");
..\src\sp_info.c:                       ^
..\src\sp_info.c(103): warning:  #69-D: integer conversion resulted in truncation
..\src\sp_info.c:               SF_Write(ADDR_SYSINFO, 0, (uint8*)(&p_ctx->sp_sysinfo), sizeof(sys_init_para),0);
..\src\sp_info.c:                        ^
..\src\sp_info.c: ..\src\sp_info.c: 4 warnings, 0 errors
linking...
..\obj\test.axf: Error: L6200E: Symbol SP_ERR_VAL multiply defined (by flash_store.o and main.o).
..\obj\test.axf: Error: L6200E: Symbol SP_ERR_VAL multiply defined (by menu.o and main.o).
..\obj\test.axf: Error: L6200E: Symbol SP_ERR_VAL multiply defined (by sp_info.o and main.o).
..\obj\test.axf: Not enough information to list image symbols.
..\obj\test.axf: Not enough information to list the image map.
..\obj\test.axf: Finished: 2 information, 0 warning and 3 error messages.
Target not created
Build target 'Target 1'
compiling main.c...
compiling flash_store.c...
..\src\flash_store.c(55): warning:  #69-D: integer conversion resulted in truncation
..\src\flash_store.c:                   startaddr = ADDR_MASTER_TRANS_SEQNO;
..\src\flash_store.c:                               ^
..\src\flash_store.c(59): warning:  #69-D: integer conversion resulted in truncation
..\src\flash_store.c:                   startaddr = ADDR_SLAVE_TRANS_SEQNO;
..\src\flash_store.c:                               ^
..\src\flash_store.c: ..\src\flash_store.c: 2 warnings, 0 errors
compiling menu.c...
compiling sp_info.c...
..\src\sp_info.c(84): warning:  #69-D: integer conversion resulted in truncation
..\src\sp_info.c:       SF_Read(ADDR_SYSINFO, 0, (uint8*)(&p_ctx->sp_sysinfo), FLASH_PAGE_SIZE);
..\src\sp_info.c:               ^
..\src\sp_info.c(97): warning:  #167-D: argument of type "uint8 *" is incompatible with parameter of type "char *restrict"
..\src\sp_info.c:               sprintf(p_ctx->sp_sysinfo.restarttime, "20130202");
..\src\sp_info.c:                       ^
..\src\sp_info.c(100): warning:  #167-D: argument of type "uint8 *" is incompatible with parameter of type "char *restrict"
..\src\sp_info.c:               sprintf(p_ctx->sp_sysinfo.timegap, "123");
..\src\sp_info.c:                       ^
..\src\sp_info.c(103): warning:  #69-D: integer conversion resulted in truncation
..\src\sp_info.c:               SF_Write(ADDR_SYSINFO, 0, (uint8*)(&p_ctx->sp_sysinfo), sizeof(sys_init_para),0);
..\src\sp_info.c:                        ^
..\src\sp_info.c: ..\src\sp_info.c: 4 warnings, 0 errors
linking...
Program Size: Code=35156 RO-data=92 RW-data=648 ZI-data=6148  
FromELF: creating hex file...
"..\obj\test.axf" - 0 Error(s), 6 Warning(s).
Build target 'Target 1'
compiling main.c...
compiling flash_store.c...
..\src\flash_store.c(55): warning:  #69-D: integer conversion resulted in truncation
..\src\flash_store.c:                   startaddr = ADDR_MASTER_TRANS_SEQNO;
..\src\flash_store.c:                               ^
..\src\flash_store.c(59): warning:  #69-D: integer conversion resulted in truncation
..\src\flash_store.c:                   startaddr = ADDR_SLAVE_TRANS_SEQNO;
..\src\flash_store.c:                               ^
..\src\flash_store.c: ..\src\flash_store.c: 2 warnings, 0 errors
compiling menu.c...
compiling sp_info.c...
..\src\sp_info.c(84): warning:  #69-D: integer conversion resulted in truncation
..\src\sp_info.c:       SF_Read(ADDR_SYSINFO, 0, (uint8*)(&p_ctx->sp_sysinfo), FLASH_PAGE_SIZE);
..\src\sp_info.c:               ^
..\src\sp_info.c(103): warning:  #69-D: integer conversion resulted in truncation
..\src\sp_info.c:               SF_Write(ADDR_SYSINFO, 0, (uint8*)(&p_ctx->sp_sysinfo), sizeof(sys_init_para),0);
..\src\sp_info.c:                        ^
..\src\sp_info.c: ..\src\sp_info.c: 2 warnings, 0 errors
linking...
Program Size: Code=35164 RO-data=92 RW-data=648 ZI-data=6148  
FromELF: creating hex file...
"..\obj\test.axf" - 0 Error(s), 4 Warning(s).
Build target 'Target 1'
compiling main.c...
compiling flash_store.c...
..\src\flash_store.c(55): warning:  #69-D: integer conversion resulted in truncation
..\src\flash_store.c:                   startaddr = ADDR_MASTER_TRANS_SEQNO;
..\src\flash_store.c:                               ^
..\src\flash_store.c(59): warning:  #69-D: integer conversion resulted in truncation
..\src\flash_store.c:                   startaddr = ADDR_SLAVE_TRANS_SEQNO;
..\src\flash_store.c:                               ^
..\src\flash_store.c: ..\src\flash_store.c: 2 warnings, 0 errors
compiling menu.c...
compiling sp_info.c...
..\src\sp_info.c(84): warning:  #69-D: integer conversion resulted in truncation
..\src\sp_info.c:       SF_Read(ADDR_SYSINFO, 0, (uint8*)(&p_ctx->sp_sysinfo), FLASH_PAGE_SIZE);
..\src\sp_info.c:               ^
..\src\sp_info.c(103): warning:  #69-D: integer conversion resulted in truncation
..\src\sp_info.c:               SF_Write(ADDR_SYSINFO, 0, (uint8*)(&p_ctx->sp_sysinfo), sizeof(sys_init_para),0);
..\src\sp_info.c:                        ^
..\src\sp_info.c: ..\src\sp_info.c: 2 warnings, 0 errors
linking...
Program Size: Code=35164 RO-data=92 RW-data=648 ZI-data=6148  
FromELF: creating hex file...
"..\obj\test.axf" - 0 Error(s), 4 Warning(s).
Build target 'Target 1'
compiling main.c...
compiling flash_store.c...
..\src\flash_store.c(55): warning:  #69-D: integer conversion resulted in truncation
..\src\flash_store.c:                   startaddr = ADDR_MASTER_TRANS_SEQNO;
..\src\flash_store.c:                               ^
..\src\flash_store.c(59): warning:  #69-D: integer conversion resulted in truncation
..\src\flash_store.c:                   startaddr = ADDR_SLAVE_TRANS_SEQNO;
..\src\flash_store.c:                               ^
..\src\flash_store.c: ..\src\flash_store.c: 2 warnings, 0 errors
compiling menu.c...
compiling sp_info.c...
..\src\sp_info.c(84): warning:  #69-D: integer conversion resulted in truncation
..\src\sp_info.c:       SF_Read(ADDR_SYSINFO, 0, (uint8*)(&p_ctx->sp_sysinfo), FLASH_PAGE_SIZE);
..\src\sp_info.c:               ^
..\src\sp_info.c(103): warning:  #69-D: integer conversion resulted in truncation
..\src\sp_info.c:               SF_Write(ADDR_SYSINFO, 0, (uint8*)(&p_ctx->sp_sysinfo), sizeof(sys_init_para),0);
..\src\sp_info.c:                        ^
..\src\sp_info.c: ..\src\sp_info.c: 2 warnings, 0 errors
linking...
Program Size: Code=35156 RO-data=92 RW-data=648 ZI-data=6148  
FromELF: creating hex file...
"..\obj\test.axf" - 0 Error(s), 4 Warning(s).
